\BOOKMARK [1][-]{section.1}{The Real Number System}{}% 1
\BOOKMARK [2][-]{subsection.1.1}{Introduction}{section.1}% 2
\BOOKMARK [2][-]{subsection.1.2}{Ordered Field Axioms}{section.1}% 3
\BOOKMARK [2][-]{subsection.1.3}{Completeness Axiom}{section.1}% 4
\BOOKMARK [2][-]{subsection.1.4}{Mathematical Induction}{section.1}% 5
\BOOKMARK [2][-]{subsection.1.5}{Inverse Functions and Images}{section.1}% 6
\BOOKMARK [2][-]{subsection.1.6}{Countable and Uncountable Sets}{section.1}% 7
\BOOKMARK [1][-]{section.2}{Sequences in R}{}% 8
\BOOKMARK [2][-]{subsection.2.1}{Limits of Sequences}{section.2}% 9
\BOOKMARK [2][-]{subsection.2.2}{Limit Theorems}{section.2}% 10
\BOOKMARK [2][-]{subsection.2.3}{Bolzano-Weierstrass Theorem}{section.2}% 11
\BOOKMARK [2][-]{subsection.2.4}{Cauchy Sequences}{section.2}% 12
\BOOKMARK [2][-]{subsection.2.5}{Limits Supremum and Infimum}{section.2}% 13
\BOOKMARK [1][-]{section.3}{Functions on R}{}% 14
\BOOKMARK [2][-]{subsection.3.1}{Two-Sided Limits}{section.3}% 15
\BOOKMARK [2][-]{subsection.3.2}{One-Sided Limits and Limits at Infinity}{section.3}% 16
\BOOKMARK [2][-]{subsection.3.3}{Continuity}{section.3}% 17
\BOOKMARK [2][-]{subsection.3.4}{Uniform Continuity}{section.3}% 18
\BOOKMARK [1][-]{section.4}{Differentiability on R}{}% 19
\BOOKMARK [2][-]{subsection.4.1}{The Derivative}{section.4}% 20
\BOOKMARK [2][-]{subsection.4.2}{Differentiability Theorems}{section.4}% 21
\BOOKMARK [2][-]{subsection.4.3}{Mean Value Theorem}{section.4}% 22
\BOOKMARK [2][-]{subsection.4.4}{Taylor's Theorem and L'Hopital's Rule}{section.4}% 23
\BOOKMARK [2][-]{subsection.4.5}{Inverse Function Theorems}{section.4}% 24
\BOOKMARK [1][-]{section.5}{Riemann Integration}{}% 25
\BOOKMARK [2][-]{subsection.5.1}{Introduction}{section.5}% 26
\BOOKMARK [2][-]{subsection.5.2}{Step functions and their integrals}{section.5}% 27
\BOOKMARK [2][-]{subsection.5.3}{Riemann-integrable functions and their integrals}{section.5}% 28
\BOOKMARK [2][-]{subsection.5.4}{Fundamental Theorem of Calculus, and Practical Integration}{section.5}% 29
\BOOKMARK [2][-]{subsection.5.5}{Integrals and uniform limits of sequences and series of functions}{section.5}% 30
\BOOKMARK [1][-]{section.6}{Infinite Series of Real Numbers}{}% 31
\BOOKMARK [2][-]{subsection.6.1}{Introduction}{section.6}% 32
\BOOKMARK [2][-]{subsection.6.2}{Series with Nonnegative Terms}{section.6}% 33
\BOOKMARK [2][-]{subsection.6.3}{Absolute Convergence}{section.6}% 34
\BOOKMARK [2][-]{subsection.6.4}{Alternating Series}{section.6}% 35
\BOOKMARK [1][-]{section.7}{Infinite Series of Functions}{}% 36
\BOOKMARK [2][-]{subsection.7.1}{Uniform Convergence of Sequences}{section.7}% 37
\BOOKMARK [2][-]{subsection.7.2}{Uniform Convergence of Series}{section.7}% 38
\BOOKMARK [2][-]{subsection.7.3}{Power Series}{section.7}% 39
\BOOKMARK [1][-]{section.8}{Metric Spaces}{}% 40
\BOOKMARK [2][-]{subsection.8.1}{Introduction}{section.8}% 41
\BOOKMARK [2][-]{subsection.8.2}{Limits of Functions}{section.8}% 42
\BOOKMARK [2][-]{subsection.8.3}{Interior, Closure, and Boundary}{section.8}% 43
\BOOKMARK [2][-]{subsection.8.4}{Compact Sets}{section.8}% 44
\BOOKMARK [2][-]{subsection.8.5}{Connected Sets}{section.8}% 45
\BOOKMARK [2][-]{subsection.8.6}{Continuous Functions}{section.8}% 46
\BOOKMARK [1][-]{section.9}{Contraction Mapping \046 ODEs}{}% 47
\BOOKMARK [2][-]{subsection.9.1}{Banach's Contraction Mapping Theorem}{section.9}% 48
\BOOKMARK [2][-]{subsection.9.2}{Existence and uniqueness for solutions to ODEs}{section.9}% 49
